2015-01-07T11:57:06+00:00 NOTICE (5): Unable to find page exception 'Zend_Controller_Action_Exception' with message 'Action "nearest" does not exist and was not trapped in __call()' in /Users/danielpett/githubProjects/findsorguk/library/Zend/library/Zend/Controller/Action.php:485
Stack trace:
#0 /Users/danielpett/githubProjects/findsorguk/library/Zend/library/Zend/Controller/Action.php(518): Zend_Controller_Action->__call('nearestAction', Array)
#1 /Users/danielpett/githubProjects/findsorguk/library/Zend/library/Zend/Controller/Dispatcher/Standard.php(308): Zend_Controller_Action->dispatch('nearestAction')
#2 /Users/danielpett/githubProjects/findsorguk/library/Zend/library/Zend/Controller/Front.php(954): Zend_Controller_Dispatcher_Standard->dispatch(Object(Zend_Controller_Request_Http), Object(Zend_Controller_Response_Http))
#3 /Users/danielpett/githubProjects/findsorguk/library/Zend/library/Zend/Application/Bootstrap/Bootstrap.php(101): Zend_Controller_Front->dispatch()
#4 /Users/danielpett/githubProjects/findsorguk/library/Zend/library/Zend/Application.php(366): Zend_Application_Bootstrap_Bootstrap->run()
#5 /Users/danielpett/githubprojects/findsorguk/public_html/index.php(87): Zend_Application->run()
#6 {main}
2015-01-07T11:57:06+00:00 NOTICE (5): Request Parameters Array
2015-01-08T00:19:43+00:00 NOTICE (5): Unable to find page exception 'Zend_Controller_Action_Exception' with message 'Action "database" does not exist and was not trapped in __call()' in /Users/danielpett/githubProjects/findsorguk/library/Zend/library/Zend/Controller/Action.php:485
Stack trace:
#0 /Users/danielpett/githubProjects/findsorguk/library/Zend/library/Zend/Controller/Action.php(518): Zend_Controller_Action->__call('databaseAction', Array)
#1 /Users/danielpett/githubProjects/findsorguk/library/Zend/library/Zend/Controller/Dispatcher/Standard.php(308): Zend_Controller_Action->dispatch('databaseAction')
#2 /Users/danielpett/githubProjects/findsorguk/library/Zend/library/Zend/Controller/Front.php(954): Zend_Controller_Dispatcher_Standard->dispatch(Object(Zend_Controller_Request_Http), Object(Zend_Controller_Response_Http))
#3 /Users/danielpett/githubProjects/findsorguk/library/Zend/library/Zend/Application/Bootstrap/Bootstrap.php(101): Zend_Controller_Front->dispatch()
#4 /Users/danielpett/githubProjects/findsorguk/library/Zend/library/Zend/Application.php(366): Zend_Application_Bootstrap_Bootstrap->run()
#5 /Users/danielpett/githubprojects/findsorguk/public_html/index.php(80): Zend_Application->run()
#6 {main}
2015-01-08T00:19:43+00:00 NOTICE (5): Request Parameters Array
2015-01-08T00:19:59+00:00 NOTICE (5): Unable to find page exception 'Zend_Controller_Action_Exception' with message 'Action "database" does not exist and was not trapped in __call()' in /Users/danielpett/githubProjects/findsorguk/library/Zend/library/Zend/Controller/Action.php:485
Stack trace:
#0 /Users/danielpett/githubProjects/findsorguk/library/Zend/library/Zend/Controller/Action.php(518): Zend_Controller_Action->__call('databaseAction', Array)
#1 /Users/danielpett/githubProjects/findsorguk/library/Zend/library/Zend/Controller/Dispatcher/Standard.php(308): Zend_Controller_Action->dispatch('databaseAction')
#2 /Users/danielpett/githubProjects/findsorguk/library/Zend/library/Zend/Controller/Front.php(954): Zend_Controller_Dispatcher_Standard->dispatch(Object(Zend_Controller_Request_Http), Object(Zend_Controller_Response_Http))
#3 /Users/danielpett/githubProjects/findsorguk/library/Zend/library/Zend/Application/Bootstrap/Bootstrap.php(101): Zend_Controller_Front->dispatch()
#4 /Users/danielpett/githubProjects/findsorguk/library/Zend/library/Zend/Application.php(366): Zend_Application_Bootstrap_Bootstrap->run()
#5 /Users/danielpett/githubprojects/findsorguk/public_html/index.php(80): Zend_Application->run()
#6 {main}
2015-01-08T00:19:59+00:00 NOTICE (5): Request Parameters Array
2015-01-08T00:20:02+00:00 NOTICE (5): Unable to find page exception 'Zend_Controller_Action_Exception' with message 'Action "database" does not exist and was not trapped in __call()' in /Users/danielpett/githubProjects/findsorguk/library/Zend/library/Zend/Controller/Action.php:485
Stack trace:
#0 /Users/danielpett/githubProjects/findsorguk/library/Zend/library/Zend/Controller/Action.php(518): Zend_Controller_Action->__call('databaseAction', Array)
#1 /Users/danielpett/githubProjects/findsorguk/library/Zend/library/Zend/Controller/Dispatcher/Standard.php(308): Zend_Controller_Action->dispatch('databaseAction')
#2 /Users/danielpett/githubProjects/findsorguk/library/Zend/library/Zend/Controller/Front.php(954): Zend_Controller_Dispatcher_Standard->dispatch(Object(Zend_Controller_Request_Http), Object(Zend_Controller_Response_Http))
#3 /Users/danielpett/githubProjects/findsorguk/library/Zend/library/Zend/Application/Bootstrap/Bootstrap.php(101): Zend_Controller_Front->dispatch()
#4 /Users/danielpett/githubProjects/findsorguk/library/Zend/library/Zend/Application.php(366): Zend_Application_Bootstrap_Bootstrap->run()
#5 /Users/danielpett/githubprojects/findsorguk/public_html/index.php(80): Zend_Application->run()
#6 {main}
2015-01-08T00:20:02+00:00 NOTICE (5): Request Parameters Array
2015-01-09T22:34:31+00:00 NOTICE (5): Unable to find page exception 'Zend_Controller_Action_Exception' with message 'Action "deleteorganisation" does not exist and was not trapped in __call()' in /Users/danielpett/githubProjects/findsorguk/library/Zend/library/Zend/Controller/Action.php:485
Stack trace:
#0 /Users/danielpett/githubProjects/findsorguk/library/Zend/library/Zend/Controller/Action.php(518): Zend_Controller_Action->__call('deleteorganisat...', Array)
#1 /Users/danielpett/githubProjects/findsorguk/library/Zend/library/Zend/Controller/Dispatcher/Standard.php(308): Zend_Controller_Action->dispatch('deleteorganisat...')
#2 /Users/danielpett/githubProjects/findsorguk/library/Zend/library/Zend/Controller/Front.php(954): Zend_Controller_Dispatcher_Standard->dispatch(Object(Zend_Controller_Request_Http), Object(Zend_Controller_Response_Http))
#3 /Users/danielpett/githubProjects/findsorguk/library/Zend/library/Zend/Application/Bootstrap/Bootstrap.php(101): Zend_Controller_Front->dispatch()
#4 /Users/danielpett/githubProjects/findsorguk/library/Zend/library/Zend/Application.php(366): Zend_Application_Bootstrap_Bootstrap->run()
#5 /Users/danielpett/githubprojects/findsorguk/public_html/index.php(80): Zend_Application->run()
#6 {main}
2015-01-11T09:48:15+00:00 NOTICE (5): Unable to find page exception 'Zend_Controller_Action_Exception' with message 'Action "format" does not exist and was not trapped in __call()' in /Users/danielpett/githubProjects/findsorguk/library/Zend/library/Zend/Controller/Action.php:485
Stack trace:
#0 /Users/danielpett/githubProjects/findsorguk/library/Zend/library/Zend/Controller/Action.php(518): Zend_Controller_Action->__call('formatAction', Array)
#1 /Users/danielpett/githubProjects/findsorguk/library/Zend/library/Zend/Controller/Dispatcher/Standard.php(308): Zend_Controller_Action->dispatch('formatAction')
#2 /Users/danielpett/githubProjects/findsorguk/library/Zend/library/Zend/Controller/Front.php(954): Zend_Controller_Dispatcher_Standard->dispatch(Object(Zend_Controller_Request_Http), Object(Zend_Controller_Response_Http))
#3 /Users/danielpett/githubProjects/findsorguk/library/Zend/library/Zend/Application/Bootstrap/Bootstrap.php(101): Zend_Controller_Front->dispatch()
#4 /Users/danielpett/githubProjects/findsorguk/library/Zend/library/Zend/Application.php(366): Zend_Application_Bootstrap_Bootstrap->run()
#5 /Users/danielpett/githubprojects/findsorguk/public_html/index.php(80): Zend_Application->run()
#6 {main}
2015-01-11T09:48:27+00:00 NOTICE (5): Unable to find page exception 'Zend_Controller_Action_Exception' with message 'Action "format" does not exist and was not trapped in __call()' in /Users/danielpett/githubProjects/findsorguk/library/Zend/library/Zend/Controller/Action.php:485
Stack trace:
#0 /Users/danielpett/githubProjects/findsorguk/library/Zend/library/Zend/Controller/Action.php(518): Zend_Controller_Action->__call('formatAction', Array)
#1 /Users/danielpett/githubProjects/findsorguk/library/Zend/library/Zend/Controller/Dispatcher/Standard.php(308): Zend_Controller_Action->dispatch('formatAction')
#2 /Users/danielpett/githubProjects/findsorguk/library/Zend/library/Zend/Controller/Front.php(954): Zend_Controller_Dispatcher_Standard->dispatch(Object(Zend_Controller_Request_Http), Object(Zend_Controller_Response_Http))
#3 /Users/danielpett/githubProjects/findsorguk/library/Zend/library/Zend/Application/Bootstrap/Bootstrap.php(101): Zend_Controller_Front->dispatch()
#4 /Users/danielpett/githubProjects/findsorguk/library/Zend/library/Zend/Application.php(366): Zend_Application_Bootstrap_Bootstrap->run()
#5 /Users/danielpett/githubprojects/findsorguk/public_html/index.php(80): Zend_Application->run()
#6 {main}
2015-01-11T09:48:53+00:00 NOTICE (5): Unable to find page exception 'Zend_Controller_Action_Exception' with message 'Action "245" does not exist and was not trapped in __call()' in /Users/danielpett/githubProjects/findsorguk/library/Zend/library/Zend/Controller/Action.php:485
Stack trace:
#0 /Users/danielpett/githubProjects/findsorguk/library/Zend/library/Zend/Controller/Action.php(518): Zend_Controller_Action->__call('245Action', Array)
#1 /Users/danielpett/githubProjects/findsorguk/library/Zend/library/Zend/Controller/Dispatcher/Standard.php(308): Zend_Controller_Action->dispatch('245Action')
#2 /Users/danielpett/githubProjects/findsorguk/library/Zend/library/Zend/Controller/Front.php(954): Zend_Controller_Dispatcher_Standard->dispatch(Object(Zend_Controller_Request_Http), Object(Zend_Controller_Response_Http))
#3 /Users/danielpett/githubProjects/findsorguk/library/Zend/library/Zend/Application/Bootstrap/Bootstrap.php(101): Zend_Controller_Front->dispatch()
#4 /Users/danielpett/githubProjects/findsorguk/library/Zend/library/Zend/Application.php(366): Zend_Application_Bootstrap_Bootstrap->run()
#5 /Users/danielpett/githubprojects/findsorguk/public_html/index.php(80): Zend_Application->run()
#6 {main}
2015-01-11T09:49:01+00:00 NOTICE (5): Unable to find page exception 'Zend_Controller_Action_Exception' with message 'Action "245" does not exist and was not trapped in __call()' in /Users/danielpett/githubProjects/findsorguk/library/Zend/library/Zend/Controller/Action.php:485
Stack trace:
#0 /Users/danielpett/githubProjects/findsorguk/library/Zend/library/Zend/Controller/Action.php(518): Zend_Controller_Action->__call('245Action', Array)
#1 /Users/danielpett/githubProjects/findsorguk/library/Zend/library/Zend/Controller/Dispatcher/Standard.php(308): Zend_Controller_Action->dispatch('245Action')
#2 /Users/danielpett/githubProjects/findsorguk/library/Zend/library/Zend/Controller/Front.php(954): Zend_Controller_Dispatcher_Standard->dispatch(Object(Zend_Controller_Request_Http), Object(Zend_Controller_Response_Http))
#3 /Users/danielpett/githubProjects/findsorguk/library/Zend/library/Zend/Application/Bootstrap/Bootstrap.php(101): Zend_Controller_Front->dispatch()
#4 /Users/danielpett/githubProjects/findsorguk/library/Zend/library/Zend/Application.php(366): Zend_Application_Bootstrap_Bootstrap->run()
#5 /Users/danielpett/githubprojects/findsorguk/public_html/index.php(80): Zend_Application->run()
#6 {main}
2015-01-11T09:50:41+00:00 NOTICE (5): Unable to find page exception 'Zend_Controller_Action_Exception' with message 'Action "245" does not exist and was not trapped in __call()' in /Users/danielpett/githubProjects/findsorguk/library/Zend/library/Zend/Controller/Action.php:485
Stack trace:
#0 /Users/danielpett/githubProjects/findsorguk/library/Zend/library/Zend/Controller/Action.php(518): Zend_Controller_Action->__call('245Action', Array)
#1 /Users/danielpett/githubProjects/findsorguk/library/Zend/library/Zend/Controller/Dispatcher/Standard.php(308): Zend_Controller_Action->dispatch('245Action')
#2 /Users/danielpett/githubProjects/findsorguk/library/Zend/library/Zend/Controller/Front.php(954): Zend_Controller_Dispatcher_Standard->dispatch(Object(Zend_Controller_Request_Http), Object(Zend_Controller_Response_Http))
#3 /Users/danielpett/githubProjects/findsorguk/library/Zend/library/Zend/Application/Bootstrap/Bootstrap.php(101): Zend_Controller_Front->dispatch()
#4 /Users/danielpett/githubProjects/findsorguk/library/Zend/library/Zend/Application.php(366): Zend_Application_Bootstrap_Bootstrap->run()
#5 /Users/danielpett/githubprojects/findsorguk/public_html/index.php(80): Zend_Application->run()
#6 {main}
2015-01-11T09:50:43+00:00 NOTICE (5): Unable to find page exception 'Zend_Controller_Action_Exception' with message 'Action "245" does not exist and was not trapped in __call()' in /Users/danielpett/githubProjects/findsorguk/library/Zend/library/Zend/Controller/Action.php:485
Stack trace:
#0 /Users/danielpett/githubProjects/findsorguk/library/Zend/library/Zend/Controller/Action.php(518): Zend_Controller_Action->__call('245Action', Array)
#1 /Users/danielpett/githubProjects/findsorguk/library/Zend/library/Zend/Controller/Dispatcher/Standard.php(308): Zend_Controller_Action->dispatch('245Action')
#2 /Users/danielpett/githubProjects/findsorguk/library/Zend/library/Zend/Controller/Front.php(954): Zend_Controller_Dispatcher_Standard->dispatch(Object(Zend_Controller_Request_Http), Object(Zend_Controller_Response_Http))
#3 /Users/danielpett/githubProjects/findsorguk/library/Zend/library/Zend/Application/Bootstrap/Bootstrap.php(101): Zend_Controller_Front->dispatch()
#4 /Users/danielpett/githubProjects/findsorguk/library/Zend/library/Zend/Application.php(366): Zend_Application_Bootstrap_Bootstrap->run()
#5 /Users/danielpett/githubprojects/findsorguk/public_html/index.php(80): Zend_Application->run()
#6 {main}
2015-01-11T09:50:44+00:00 NOTICE (5): Unable to find page exception 'Zend_Controller_Action_Exception' with message 'Action "245" does not exist and was not trapped in __call()' in /Users/danielpett/githubProjects/findsorguk/library/Zend/library/Zend/Controller/Action.php:485
Stack trace:
#0 /Users/danielpett/githubProjects/findsorguk/library/Zend/library/Zend/Controller/Action.php(518): Zend_Controller_Action->__call('245Action', Array)
#1 /Users/danielpett/githubProjects/findsorguk/library/Zend/library/Zend/Controller/Dispatcher/Standard.php(308): Zend_Controller_Action->dispatch('245Action')
#2 /Users/danielpett/githubProjects/findsorguk/library/Zend/library/Zend/Controller/Front.php(954): Zend_Controller_Dispatcher_Standard->dispatch(Object(Zend_Controller_Request_Http), Object(Zend_Controller_Response_Http))
#3 /Users/danielpett/githubProjects/findsorguk/library/Zend/library/Zend/Application/Bootstrap/Bootstrap.php(101): Zend_Controller_Front->dispatch()
#4 /Users/danielpett/githubProjects/findsorguk/library/Zend/library/Zend/Application.php(366): Zend_Application_Bootstrap_Bootstrap->run()
#5 /Users/danielpett/githubprojects/findsorguk/public_html/index.php(80): Zend_Application->run()
#6 {main}
2015-01-11T09:50:45+00:00 NOTICE (5): Unable to find page exception 'Zend_Controller_Action_Exception' with message 'Action "245" does not exist and was not trapped in __call()' in /Users/danielpett/githubProjects/findsorguk/library/Zend/library/Zend/Controller/Action.php:485
Stack trace:
#0 /Users/danielpett/githubProjects/findsorguk/library/Zend/library/Zend/Controller/Action.php(518): Zend_Controller_Action->__call('245Action', Array)
#1 /Users/danielpett/githubProjects/findsorguk/library/Zend/library/Zend/Controller/Dispatcher/Standard.php(308): Zend_Controller_Action->dispatch('245Action')
#2 /Users/danielpett/githubProjects/findsorguk/library/Zend/library/Zend/Controller/Front.php(954): Zend_Controller_Dispatcher_Standard->dispatch(Object(Zend_Controller_Request_Http), Object(Zend_Controller_Response_Http))
#3 /Users/danielpett/githubProjects/findsorguk/library/Zend/library/Zend/Application/Bootstrap/Bootstrap.php(101): Zend_Controller_Front->dispatch()
#4 /Users/danielpett/githubProjects/findsorguk/library/Zend/library/Zend/Application.php(366): Zend_Application_Bootstrap_Bootstrap->run()
#5 /Users/danielpett/githubprojects/findsorguk/public_html/index.php(80): Zend_Application->run()
#6 {main}
2015-01-11T09:51:01+00:00 NOTICE (5): Unable to find page exception 'Zend_Controller_Action_Exception' with message 'Action "245" does not exist and was not trapped in __call()' in /Users/danielpett/githubProjects/findsorguk/library/Zend/library/Zend/Controller/Action.php:485
Stack trace:
#0 /Users/danielpett/githubProjects/findsorguk/library/Zend/library/Zend/Controller/Action.php(518): Zend_Controller_Action->__call('245Action', Array)
#1 /Users/danielpett/githubProjects/findsorguk/library/Zend/library/Zend/Controller/Dispatcher/Standard.php(308): Zend_Controller_Action->dispatch('245Action')
#2 /Users/danielpett/githubProjects/findsorguk/library/Zend/library/Zend/Controller/Front.php(954): Zend_Controller_Dispatcher_Standard->dispatch(Object(Zend_Controller_Request_Http), Object(Zend_Controller_Response_Http))
#3 /Users/danielpett/githubProjects/findsorguk/library/Zend/library/Zend/Application/Bootstrap/Bootstrap.php(101): Zend_Controller_Front->dispatch()
#4 /Users/danielpett/githubProjects/findsorguk/library/Zend/library/Zend/Application.php(366): Zend_Application_Bootstrap_Bootstrap->run()
#5 /Users/danielpett/githubprojects/findsorguk/public_html/index.php(80): Zend_Application->run()
#6 {main}
2015-01-11T09:51:15+00:00 NOTICE (5): Unable to find page exception 'Zend_Controller_Action_Exception' with message 'Action "245" does not exist and was not trapped in __call()' in /Users/danielpett/githubProjects/findsorguk/library/Zend/library/Zend/Controller/Action.php:485
Stack trace:
#0 /Users/danielpett/githubProjects/findsorguk/library/Zend/library/Zend/Controller/Action.php(518): Zend_Controller_Action->__call('245Action', Array)
#1 /Users/danielpett/githubProjects/findsorguk/library/Zend/library/Zend/Controller/Dispatcher/Standard.php(308): Zend_Controller_Action->dispatch('245Action')
#2 /Users/danielpett/githubProjects/findsorguk/library/Zend/library/Zend/Controller/Front.php(954): Zend_Controller_Dispatcher_Standard->dispatch(Object(Zend_Controller_Request_Http), Object(Zend_Controller_Response_Http))
#3 /Users/danielpett/githubProjects/findsorguk/library/Zend/library/Zend/Application/Bootstrap/Bootstrap.php(101): Zend_Controller_Front->dispatch()
#4 /Users/danielpett/githubProjects/findsorguk/library/Zend/library/Zend/Application.php(366): Zend_Application_Bootstrap_Bootstrap->run()
#5 /Users/danielpett/githubprojects/findsorguk/public_html/index.php(80): Zend_Application->run()
#6 {main}
2015-01-11T09:51:26+00:00 NOTICE (5): Unable to find page exception 'Zend_Controller_Action_Exception' with message 'Action "245" does not exist and was not trapped in __call()' in /Users/danielpett/githubProjects/findsorguk/library/Zend/library/Zend/Controller/Action.php:485
Stack trace:
#0 /Users/danielpett/githubProjects/findsorguk/library/Zend/library/Zend/Controller/Action.php(518): Zend_Controller_Action->__call('245Action', Array)
#1 /Users/danielpett/githubProjects/findsorguk/library/Zend/library/Zend/Controller/Dispatcher/Standard.php(308): Zend_Controller_Action->dispatch('245Action')
#2 /Users/danielpett/githubProjects/findsorguk/library/Zend/library/Zend/Controller/Front.php(954): Zend_Controller_Dispatcher_Standard->dispatch(Object(Zend_Controller_Request_Http), Object(Zend_Controller_Response_Http))
#3 /Users/danielpett/githubProjects/findsorguk/library/Zend/library/Zend/Application/Bootstrap/Bootstrap.php(101): Zend_Controller_Front->dispatch()
#4 /Users/danielpett/githubProjects/findsorguk/library/Zend/library/Zend/Application.php(366): Zend_Application_Bootstrap_Bootstrap->run()
#5 /Users/danielpett/githubprojects/findsorguk/public_html/index.php(80): Zend_Application->run()
#6 {main}
2015-01-11T09:51:28+00:00 NOTICE (5): Unable to find page exception 'Zend_Controller_Action_Exception' with message 'Action "245" does not exist and was not trapped in __call()' in /Users/danielpett/githubProjects/findsorguk/library/Zend/library/Zend/Controller/Action.php:485
Stack trace:
#0 /Users/danielpett/githubProjects/findsorguk/library/Zend/library/Zend/Controller/Action.php(518): Zend_Controller_Action->__call('245Action', Array)
#1 /Users/danielpett/githubProjects/findsorguk/library/Zend/library/Zend/Controller/Dispatcher/Standard.php(308): Zend_Controller_Action->dispatch('245Action')
#2 /Users/danielpett/githubProjects/findsorguk/library/Zend/library/Zend/Controller/Front.php(954): Zend_Controller_Dispatcher_Standard->dispatch(Object(Zend_Controller_Request_Http), Object(Zend_Controller_Response_Http))
#3 /Users/danielpett/githubProjects/findsorguk/library/Zend/library/Zend/Application/Bootstrap/Bootstrap.php(101): Zend_Controller_Front->dispatch()
#4 /Users/danielpett/githubProjects/findsorguk/library/Zend/library/Zend/Application.php(366): Zend_Application_Bootstrap_Bootstrap->run()
#5 /Users/danielpett/githubprojects/findsorguk/public_html/index.php(80): Zend_Application->run()
#6 {main}
2015-01-11T09:51:29+00:00 NOTICE (5): Unable to find page exception 'Zend_Controller_Action_Exception' with message 'Action "245" does not exist and was not trapped in __call()' in /Users/danielpett/githubProjects/findsorguk/library/Zend/library/Zend/Controller/Action.php:485
Stack trace:
#0 /Users/danielpett/githubProjects/findsorguk/library/Zend/library/Zend/Controller/Action.php(518): Zend_Controller_Action->__call('245Action', Array)
#1 /Users/danielpett/githubProjects/findsorguk/library/Zend/library/Zend/Controller/Dispatcher/Standard.php(308): Zend_Controller_Action->dispatch('245Action')
#2 /Users/danielpett/githubProjects/findsorguk/library/Zend/library/Zend/Controller/Front.php(954): Zend_Controller_Dispatcher_Standard->dispatch(Object(Zend_Controller_Request_Http), Object(Zend_Controller_Response_Http))
#3 /Users/danielpett/githubProjects/findsorguk/library/Zend/library/Zend/Application/Bootstrap/Bootstrap.php(101): Zend_Controller_Front->dispatch()
#4 /Users/danielpett/githubProjects/findsorguk/library/Zend/library/Zend/Application.php(366): Zend_Application_Bootstrap_Bootstrap->run()
#5 /Users/danielpett/githubprojects/findsorguk/public_html/index.php(80): Zend_Application->run()
#6 {main}
2015-01-11T09:51:42+00:00 NOTICE (5): Unable to find page exception 'Zend_Controller_Action_Exception' with message 'Action "245" does not exist and was not trapped in __call()' in /Users/danielpett/githubProjects/findsorguk/library/Zend/library/Zend/Controller/Action.php:485
Stack trace:
#0 /Users/danielpett/githubProjects/findsorguk/library/Zend/library/Zend/Controller/Action.php(518): Zend_Controller_Action->__call('245Action', Array)
#1 /Users/danielpett/githubProjects/findsorguk/library/Zend/library/Zend/Controller/Dispatcher/Standard.php(308): Zend_Controller_Action->dispatch('245Action')
#2 /Users/danielpett/githubProjects/findsorguk/library/Zend/library/Zend/Controller/Front.php(954): Zend_Controller_Dispatcher_Standard->dispatch(Object(Zend_Controller_Request_Http), Object(Zend_Controller_Response_Http))
#3 /Users/danielpett/githubProjects/findsorguk/library/Zend/library/Zend/Application/Bootstrap/Bootstrap.php(101): Zend_Controller_Front->dispatch()
#4 /Users/danielpett/githubProjects/findsorguk/library/Zend/library/Zend/Application.php(366): Zend_Application_Bootstrap_Bootstrap->run()
#5 /Users/danielpett/githubprojects/findsorguk/public_html/index.php(80): Zend_Application->run()
#6 {main}
2015-01-11T09:52:04+00:00 NOTICE (5): Unable to find page exception 'Zend_Controller_Action_Exception' with message 'Action "245" does not exist and was not trapped in __call()' in /Users/danielpett/githubProjects/findsorguk/library/Zend/library/Zend/Controller/Action.php:485
Stack trace:
#0 /Users/danielpett/githubProjects/findsorguk/library/Zend/library/Zend/Controller/Action.php(518): Zend_Controller_Action->__call('245Action', Array)
#1 /Users/danielpett/githubProjects/findsorguk/library/Zend/library/Zend/Controller/Dispatcher/Standard.php(308): Zend_Controller_Action->dispatch('245Action')
#2 /Users/danielpett/githubProjects/findsorguk/library/Zend/library/Zend/Controller/Front.php(954): Zend_Controller_Dispatcher_Standard->dispatch(Object(Zend_Controller_Request_Http), Object(Zend_Controller_Response_Http))
#3 /Users/danielpett/githubProjects/findsorguk/library/Zend/library/Zend/Application/Bootstrap/Bootstrap.php(101): Zend_Controller_Front->dispatch()
#4 /Users/danielpett/githubProjects/findsorguk/library/Zend/library/Zend/Application.php(366): Zend_Application_Bootstrap_Bootstrap->run()
#5 /Users/danielpett/githubprojects/findsorguk/public_html/index.php(80): Zend_Application->run()
#6 {main}
2015-01-11T09:52:15+00:00 NOTICE (5): Unable to find page exception 'Zend_Controller_Action_Exception' with message 'Action "245" does not exist and was not trapped in __call()' in /Users/danielpett/githubProjects/findsorguk/library/Zend/library/Zend/Controller/Action.php:485
Stack trace:
#0 /Users/danielpett/githubProjects/findsorguk/library/Zend/library/Zend/Controller/Action.php(518): Zend_Controller_Action->__call('245Action', Array)
#1 /Users/danielpett/githubProjects/findsorguk/library/Zend/library/Zend/Controller/Dispatcher/Standard.php(308): Zend_Controller_Action->dispatch('245Action')
#2 /Users/danielpett/githubProjects/findsorguk/library/Zend/library/Zend/Controller/Front.php(954): Zend_Controller_Dispatcher_Standard->dispatch(Object(Zend_Controller_Request_Http), Object(Zend_Controller_Response_Http))
#3 /Users/danielpett/githubProjects/findsorguk/library/Zend/library/Zend/Application/Bootstrap/Bootstrap.php(101): Zend_Controller_Front->dispatch()
#4 /Users/danielpett/githubProjects/findsorguk/library/Zend/library/Zend/Application.php(366): Zend_Application_Bootstrap_Bootstrap->run()
#5 /Users/danielpett/githubprojects/findsorguk/public_html/index.php(80): Zend_Application->run()
#6 {main}
2015-01-12T08:36:54+00:00 NOTICE (5): Unable to find page exception 'Zend_Controller_Action_Exception' with message 'Action "251" does not exist and was not trapped in __call()' in /Users/danielpett/githubProjects/findsorguk/library/Zend/library/Zend/Controller/Action.php:485
Stack trace:
#0 /Users/danielpett/githubProjects/findsorguk/library/Zend/library/Zend/Controller/Action.php(518): Zend_Controller_Action->__call('251Action', Array)
#1 /Users/danielpett/githubProjects/findsorguk/library/Zend/library/Zend/Controller/Dispatcher/Standard.php(308): Zend_Controller_Action->dispatch('251Action')
#2 /Users/danielpett/githubProjects/findsorguk/library/Zend/library/Zend/Controller/Front.php(954): Zend_Controller_Dispatcher_Standard->dispatch(Object(Zend_Controller_Request_Http), Object(Zend_Controller_Response_Http))
#3 /Users/danielpett/githubProjects/findsorguk/library/Zend/library/Zend/Application/Bootstrap/Bootstrap.php(101): Zend_Controller_Front->dispatch()
#4 /Users/danielpett/githubProjects/findsorguk/library/Zend/library/Zend/Application.php(366): Zend_Application_Bootstrap_Bootstrap->run()
#5 /Users/danielpett/githubprojects/findsorguk/public_html/index.php(80): Zend_Application->run()
#6 {main}
2015-01-12T11:30:08+00:00 NOTICE (5): Unable to find page exception 'Zend_Controller_Action_Exception' with message 'Action "addpicture" does not exist and was not trapped in __call()' in /Users/danielpett/githubProjects/findsorguk/library/Zend/library/Zend/Controller/Action.php:485
Stack trace:
#0 /Users/danielpett/githubProjects/findsorguk/library/Zend/library/Zend/Controller/Action.php(518): Zend_Controller_Action->__call('addpictureActio...', Array)
#1 /Users/danielpett/githubProjects/findsorguk/library/Zend/library/Zend/Controller/Dispatcher/Standard.php(308): Zend_Controller_Action->dispatch('addpictureActio...')
#2 /Users/danielpett/githubProjects/findsorguk/library/Zend/library/Zend/Controller/Front.php(954): Zend_Controller_Dispatcher_Standard->dispatch(Object(Zend_Controller_Request_Http), Object(Zend_Controller_Response_Http))
#3 /Users/danielpett/githubProjects/findsorguk/library/Zend/library/Zend/Application/Bootstrap/Bootstrap.php(101): Zend_Controller_Front->dispatch()
#4 /Users/danielpett/githubProjects/findsorguk/library/Zend/library/Zend/Application.php(366): Zend_Application_Bootstrap_Bootstrap->run()
#5 /Users/danielpett/githubprojects/findsorguk/public_html/index.php(80): Zend_Application->run()
#6 {main}
2015-01-12T11:30:59+00:00 NOTICE (5): Unable to find page exception 'Zend_Controller_Action_Exception' with message 'Action "addpicture" does not exist and was not trapped in __call()' in /Users/danielpett/githubProjects/findsorguk/library/Zend/library/Zend/Controller/Action.php:485
Stack trace:
#0 /Users/danielpett/githubProjects/findsorguk/library/Zend/library/Zend/Controller/Action.php(518): Zend_Controller_Action->__call('addpictureActio...', Array)
#1 /Users/danielpett/githubProjects/findsorguk/library/Zend/library/Zend/Controller/Dispatcher/Standard.php(308): Zend_Controller_Action->dispatch('addpictureActio...')
#2 /Users/danielpett/githubProjects/findsorguk/library/Zend/library/Zend/Controller/Front.php(954): Zend_Controller_Dispatcher_Standard->dispatch(Object(Zend_Controller_Request_Http), Object(Zend_Controller_Response_Http))
#3 /Users/danielpett/githubProjects/findsorguk/library/Zend/library/Zend/Application/Bootstrap/Bootstrap.php(101): Zend_Controller_Front->dispatch()
#4 /Users/danielpett/githubProjects/findsorguk/library/Zend/library/Zend/Application.php(366): Zend_Application_Bootstrap_Bootstrap->run()
#5 /Users/danielpett/githubprojects/findsorguk/public_html/index.php(80): Zend_Application->run()
#6 {main}
2015-01-12T11:31:35+00:00 NOTICE (5): Unable to find page exception 'Zend_Controller_Action_Exception' with message 'Action "addpicture" does not exist and was not trapped in __call()' in /Users/danielpett/githubProjects/findsorguk/library/Zend/library/Zend/Controller/Action.php:485
Stack trace:
#0 /Users/danielpett/githubProjects/findsorguk/library/Zend/library/Zend/Controller/Action.php(518): Zend_Controller_Action->__call('addpictureActio...', Array)
#1 /Users/danielpett/githubProjects/findsorguk/library/Zend/library/Zend/Controller/Dispatcher/Standard.php(308): Zend_Controller_Action->dispatch('addpictureActio...')
#2 /Users/danielpett/githubProjects/findsorguk/library/Zend/library/Zend/Controller/Front.php(954): Zend_Controller_Dispatcher_Standard->dispatch(Object(Zend_Controller_Request_Http), Object(Zend_Controller_Response_Http))
#3 /Users/danielpett/githubProjects/findsorguk/library/Zend/library/Zend/Application/Bootstrap/Bootstrap.php(101): Zend_Controller_Front->dispatch()
#4 /Users/danielpett/githubProjects/findsorguk/library/Zend/library/Zend/Application.php(366): Zend_Application_Bootstrap_Bootstrap->run()
#5 /Users/danielpett/githubprojects/findsorguk/public_html/index.php(80): Zend_Application->run()
#6 {main}
2015-01-12T11:31:47+00:00 NOTICE (5): Unable to find page exception 'Zend_Controller_Action_Exception' with message 'Action "addpicture" does not exist and was not trapped in __call()' in /Users/danielpett/githubProjects/findsorguk/library/Zend/library/Zend/Controller/Action.php:485
Stack trace:
#0 /Users/danielpett/githubProjects/findsorguk/library/Zend/library/Zend/Controller/Action.php(518): Zend_Controller_Action->__call('addpictureActio...', Array)
#1 /Users/danielpett/githubProjects/findsorguk/library/Zend/library/Zend/Controller/Dispatcher/Standard.php(308): Zend_Controller_Action->dispatch('addpictureActio...')
#2 /Users/danielpett/githubProjects/findsorguk/library/Zend/library/Zend/Controller/Front.php(954): Zend_Controller_Dispatcher_Standard->dispatch(Object(Zend_Controller_Request_Http), Object(Zend_Controller_Response_Http))
#3 /Users/danielpett/githubProjects/findsorguk/library/Zend/library/Zend/Application/Bootstrap/Bootstrap.php(101): Zend_Controller_Front->dispatch()
#4 /Users/danielpett/githubProjects/findsorguk/library/Zend/library/Zend/Application.php(366): Zend_Application_Bootstrap_Bootstrap->run()
#5 /Users/danielpett/githubprojects/findsorguk/public_html/index.php(80): Zend_Application->run()
#6 {main}
2015-01-12T11:31:51+00:00 NOTICE (5): Unable to find page exception 'Zend_Controller_Action_Exception' with message 'Action "addpicture" does not exist and was not trapped in __call()' in /Users/danielpett/githubProjects/findsorguk/library/Zend/library/Zend/Controller/Action.php:485
Stack trace:
#0 /Users/danielpett/githubProjects/findsorguk/library/Zend/library/Zend/Controller/Action.php(518): Zend_Controller_Action->__call('addpictureActio...', Array)
#1 /Users/danielpett/githubProjects/findsorguk/library/Zend/library/Zend/Controller/Dispatcher/Standard.php(308): Zend_Controller_Action->dispatch('addpictureActio...')
#2 /Users/danielpett/githubProjects/findsorguk/library/Zend/library/Zend/Controller/Front.php(954): Zend_Controller_Dispatcher_Standard->dispatch(Object(Zend_Controller_Request_Http), Object(Zend_Controller_Response_Http))
#3 /Users/danielpett/githubProjects/findsorguk/library/Zend/library/Zend/Application/Bootstrap/Bootstrap.php(101): Zend_Controller_Front->dispatch()
#4 /Users/danielpett/githubProjects/findsorguk/library/Zend/library/Zend/Application.php(366): Zend_Application_Bootstrap_Bootstrap->run()
#5 /Users/danielpett/githubprojects/findsorguk/public_html/index.php(80): Zend_Application->run()
#6 {main}
2015-01-12T11:32:09+00:00 NOTICE (5): Unable to find page exception 'Zend_Controller_Action_Exception' with message 'Action "addpicture" does not exist and was not trapped in __call()' in /Users/danielpett/githubProjects/findsorguk/library/Zend/library/Zend/Controller/Action.php:485
Stack trace:
#0 /Users/danielpett/githubProjects/findsorguk/library/Zend/library/Zend/Controller/Action.php(518): Zend_Controller_Action->__call('addpictureActio...', Array)
#1 /Users/danielpett/githubProjects/findsorguk/library/Zend/library/Zend/Controller/Dispatcher/Standard.php(308): Zend_Controller_Action->dispatch('addpictureActio...')
#2 /Users/danielpett/githubProjects/findsorguk/library/Zend/library/Zend/Controller/Front.php(954): Zend_Controller_Dispatcher_Standard->dispatch(Object(Zend_Controller_Request_Http), Object(Zend_Controller_Response_Http))
#3 /Users/danielpett/githubProjects/findsorguk/library/Zend/library/Zend/Application/Bootstrap/Bootstrap.php(101): Zend_Controller_Front->dispatch()
#4 /Users/danielpett/githubProjects/findsorguk/library/Zend/library/Zend/Application.php(366): Zend_Application_Bootstrap_Bootstrap->run()
#5 /Users/danielpett/githubprojects/findsorguk/public_html/index.php(80): Zend_Application->run()
#6 {main}
2015-01-12T11:33:06+00:00 NOTICE (5): Unable to find page exception 'Zend_Controller_Action_Exception' with message 'Action "addpicture" does not exist and was not trapped in __call()' in /Users/danielpett/githubProjects/findsorguk/library/Zend/library/Zend/Controller/Action.php:485
Stack trace:
#0 /Users/danielpett/githubProjects/findsorguk/library/Zend/library/Zend/Controller/Action.php(518): Zend_Controller_Action->__call('addpictureActio...', Array)
#1 /Users/danielpett/githubProjects/findsorguk/library/Zend/library/Zend/Controller/Dispatcher/Standard.php(308): Zend_Controller_Action->dispatch('addpictureActio...')
#2 /Users/danielpett/githubProjects/findsorguk/library/Zend/library/Zend/Controller/Front.php(954): Zend_Controller_Dispatcher_Standard->dispatch(Object(Zend_Controller_Request_Http), Object(Zend_Controller_Response_Http))
#3 /Users/danielpett/githubProjects/findsorguk/library/Zend/library/Zend/Application/Bootstrap/Bootstrap.php(101): Zend_Controller_Front->dispatch()
#4 /Users/danielpett/githubProjects/findsorguk/library/Zend/library/Zend/Application.php(366): Zend_Application_Bootstrap_Bootstrap->run()
#5 /Users/danielpett/githubprojects/findsorguk/public_html/index.php(80): Zend_Application->run()
#6 {main}
2015-01-12T11:33:30+00:00 NOTICE (5): Unable to find page exception 'Zend_Controller_Action_Exception' with message 'Action "addpicture" does not exist and was not trapped in __call()' in /Users/danielpett/githubProjects/findsorguk/library/Zend/library/Zend/Controller/Action.php:485
Stack trace:
#0 /Users/danielpett/githubProjects/findsorguk/library/Zend/library/Zend/Controller/Action.php(518): Zend_Controller_Action->__call('addpictureActio...', Array)
#1 /Users/danielpett/githubProjects/findsorguk/library/Zend/library/Zend/Controller/Dispatcher/Standard.php(308): Zend_Controller_Action->dispatch('addpictureActio...')
#2 /Users/danielpett/githubProjects/findsorguk/library/Zend/library/Zend/Controller/Front.php(954): Zend_Controller_Dispatcher_Standard->dispatch(Object(Zend_Controller_Request_Http), Object(Zend_Controller_Response_Http))
#3 /Users/danielpett/githubProjects/findsorguk/library/Zend/library/Zend/Application/Bootstrap/Bootstrap.php(101): Zend_Controller_Front->dispatch()
#4 /Users/danielpett/githubProjects/findsorguk/library/Zend/library/Zend/Application.php(366): Zend_Application_Bootstrap_Bootstrap->run()
#5 /Users/danielpett/githubprojects/findsorguk/public_html/index.php(80): Zend_Application->run()
#6 {main}
2015-01-12T11:33:30+00:00 NOTICE (5): Request Parameters Array
2015-02-19T23:36:41+00:00 NOTICE (5): Unable to find page exception 'Zend_Controller_Dispatcher_Exception' with message 'Invalid controller specified (sitemap)' in /Users/danielpett/githubProjects/findsorguk/library/Zend/library/Zend/Controller/Dispatcher/Standard.php:248
Stack trace:
#0 /Users/danielpett/githubProjects/findsorguk/library/Zend/library/Zend/Controller/Front.php(954): Zend_Controller_Dispatcher_Standard->dispatch(Object(Zend_Controller_Request_Http), Object(Zend_Controller_Response_Http))
#1 /Users/danielpett/githubProjects/findsorguk/library/Zend/library/Zend/Application/Bootstrap/Bootstrap.php(101): Zend_Controller_Front->dispatch()
#2 /Users/danielpett/githubProjects/findsorguk/library/Zend/library/Zend/Application.php(366): Zend_Application_Bootstrap_Bootstrap->run()
#3 /Users/danielpett/githubprojects/findsorguk/public_html/index.php(106): Zend_Application->run()
#4 {main}
2015-02-20T08:34:11+00:00 NOTICE (5): Unable to find page exception 'Zend_Controller_Dispatcher_Exception' with message 'Invalid controller specified (xsl)' in /Users/danielpett/githubProjects/findsorguk/library/Zend/library/Zend/Controller/Dispatcher/Standard.php:248
Stack trace:
#0 /Users/danielpett/githubProjects/findsorguk/library/Zend/library/Zend/Controller/Front.php(954): Zend_Controller_Dispatcher_Standard->dispatch(Object(Zend_Controller_Request_Http), Object(Zend_Controller_Response_Http))
#1 /Users/danielpett/githubProjects/findsorguk/library/Zend/library/Zend/Application/Bootstrap/Bootstrap.php(101): Zend_Controller_Front->dispatch()
#2 /Users/danielpett/githubProjects/findsorguk/library/Zend/library/Zend/Application.php(366): Zend_Application_Bootstrap_Bootstrap->run()
#3 /Users/danielpett/githubprojects/findsorguk/public_html/index.php(106): Zend_Application->run()
#4 {main}
2015-02-21T09:30:22+00:00 NOTICE (5): Unable to find page exception 'Zend_Controller_Dispatcher_Exception' with message 'Invalid controller specified (xsl)' in /Users/danielpett/githubProjects/findsorguk/library/Zend/library/Zend/Controller/Dispatcher/Standard.php:248
Stack trace:
#0 /Users/danielpett/githubProjects/findsorguk/library/Zend/library/Zend/Controller/Front.php(954): Zend_Controller_Dispatcher_Standard->dispatch(Object(Zend_Controller_Request_Http), Object(Zend_Controller_Response_Http))
#1 /Users/danielpett/githubProjects/findsorguk/library/Zend/library/Zend/Application/Bootstrap/Bootstrap.php(101): Zend_Controller_Front->dispatch()
#2 /Users/danielpett/githubProjects/findsorguk/library/Zend/library/Zend/Application.php(366): Zend_Application_Bootstrap_Bootstrap->run()
#3 /Users/danielpett/githubprojects/findsorguk/public_html/index.php(106): Zend_Application->run()
#4 {main}
2015-02-21T09:30:38+00:00 NOTICE (5): Unable to find page exception 'Zend_Controller_Dispatcher_Exception' with message 'Invalid controller specified (xsl)' in /Users/danielpett/githubProjects/findsorguk/library/Zend/library/Zend/Controller/Dispatcher/Standard.php:248
Stack trace:
#0 /Users/danielpett/githubProjects/findsorguk/library/Zend/library/Zend/Controller/Front.php(954): Zend_Controller_Dispatcher_Standard->dispatch(Object(Zend_Controller_Request_Http), Object(Zend_Controller_Response_Http))
#1 /Users/danielpett/githubProjects/findsorguk/library/Zend/library/Zend/Application/Bootstrap/Bootstrap.php(101): Zend_Controller_Front->dispatch()
#2 /Users/danielpett/githubProjects/findsorguk/library/Zend/library/Zend/Application.php(366): Zend_Application_Bootstrap_Bootstrap->run()
#3 /Users/danielpett/githubprojects/findsorguk/public_html/index.php(106): Zend_Application->run()
#4 {main}
2015-02-21T09:52:39+00:00 NOTICE (5): Unable to find page exception 'Zend_Controller_Dispatcher_Exception' with message 'Invalid controller class ("Sitemap_ConfigurationsController")' in /Users/danielpett/githubProjects/findsorguk/library/Zend/library/Zend/Controller/Dispatcher/Standard.php:365
Stack trace:
#0 /Users/danielpett/githubProjects/findsorguk/library/Zend/library/Zend/Controller/Dispatcher/Standard.php(275): Zend_Controller_Dispatcher_Standard->loadClass('ConfigurationsC...')
#1 /Users/danielpett/githubProjects/findsorguk/library/Zend/library/Zend/Controller/Front.php(954): Zend_Controller_Dispatcher_Standard->dispatch(Object(Zend_Controller_Request_Http), Object(Zend_Controller_Response_Http))
#2 /Users/danielpett/githubProjects/findsorguk/library/Zend/library/Zend/Application/Bootstrap/Bootstrap.php(101): Zend_Controller_Front->dispatch()
#3 /Users/danielpett/githubProjects/findsorguk/library/Zend/library/Zend/Application.php(366): Zend_Application_Bootstrap_Bootstrap->run()
#4 /Users/danielpett/githubprojects/findsorguk/public_html/index.php(106): Zend_Application->run()
#5 {main}
2015-02-21T09:53:01+00:00 NOTICE (5): Unable to find page exception 'Zend_Controller_Dispatcher_Exception' with message 'Invalid controller class ("Sitemap_ConfigurationsController")' in /Users/danielpett/githubProjects/findsorguk/library/Zend/library/Zend/Controller/Dispatcher/Standard.php:365
Stack trace:
#0 /Users/danielpett/githubProjects/findsorguk/library/Zend/library/Zend/Controller/Dispatcher/Standard.php(275): Zend_Controller_Dispatcher_Standard->loadClass('ConfigurationsC...')
#1 /Users/danielpett/githubProjects/findsorguk/library/Zend/library/Zend/Controller/Front.php(954): Zend_Controller_Dispatcher_Standard->dispatch(Object(Zend_Controller_Request_Http), Object(Zend_Controller_Response_Http))
#2 /Users/danielpett/githubProjects/findsorguk/library/Zend/library/Zend/Application/Bootstrap/Bootstrap.php(101): Zend_Controller_Front->dispatch()
#3 /Users/danielpett/githubProjects/findsorguk/library/Zend/library/Zend/Application.php(366): Zend_Application_Bootstrap_Bootstrap->run()
#4 /Users/danielpett/githubprojects/findsorguk/public_html/index.php(106): Zend_Application->run()
#5 {main}
2015-02-21T09:53:13+00:00 NOTICE (5): Unable to find page exception 'Zend_Controller_Dispatcher_Exception' with message 'Invalid controller class ("Sitemap_ConfigurationsController")' in /Users/danielpett/githubProjects/findsorguk/library/Zend/library/Zend/Controller/Dispatcher/Standard.php:365
Stack trace:
#0 /Users/danielpett/githubProjects/findsorguk/library/Zend/library/Zend/Controller/Dispatcher/Standard.php(275): Zend_Controller_Dispatcher_Standard->loadClass('ConfigurationsC...')
#1 /Users/danielpett/githubProjects/findsorguk/library/Zend/library/Zend/Controller/Front.php(954): Zend_Controller_Dispatcher_Standard->dispatch(Object(Zend_Controller_Request_Http), Object(Zend_Controller_Response_Http))
#2 /Users/danielpett/githubProjects/findsorguk/library/Zend/library/Zend/Application/Bootstrap/Bootstrap.php(101): Zend_Controller_Front->dispatch()
#3 /Users/danielpett/githubProjects/findsorguk/library/Zend/library/Zend/Application.php(366): Zend_Application_Bootstrap_Bootstrap->run()
#4 /Users/danielpett/githubprojects/findsorguk/public_html/index.php(106): Zend_Application->run()
#5 {main}
2015-02-21T09:53:28+00:00 NOTICE (5): Unable to find page exception 'Zend_Controller_Dispatcher_Exception' with message 'Invalid controller class ("Sitemap_ConfigurationsController")' in /Users/danielpett/githubProjects/findsorguk/library/Zend/library/Zend/Controller/Dispatcher/Standard.php:365
Stack trace:
#0 /Users/danielpett/githubProjects/findsorguk/library/Zend/library/Zend/Controller/Dispatcher/Standard.php(275): Zend_Controller_Dispatcher_Standard->loadClass('ConfigurationsC...')
#1 /Users/danielpett/githubProjects/findsorguk/library/Zend/library/Zend/Controller/Front.php(954): Zend_Controller_Dispatcher_Standard->dispatch(Object(Zend_Controller_Request_Http), Object(Zend_Controller_Response_Http))
#2 /Users/danielpett/githubProjects/findsorguk/library/Zend/library/Zend/Application/Bootstrap/Bootstrap.php(101): Zend_Controller_Front->dispatch()
#3 /Users/danielpett/githubProjects/findsorguk/library/Zend/library/Zend/Application.php(366): Zend_Application_Bootstrap_Bootstrap->run()
#4 /Users/danielpett/githubprojects/findsorguk/public_html/index.php(106): Zend_Application->run()
#5 {main}
2015-02-21T09:54:35+00:00 NOTICE (5): Unable to find page exception 'Zend_Controller_Dispatcher_Exception' with message 'Invalid controller class ("Sitemap_ConfigurationsController")' in /Users/danielpett/githubProjects/findsorguk/library/Zend/library/Zend/Controller/Dispatcher/Standard.php:365
Stack trace:
#0 /Users/danielpett/githubProjects/findsorguk/library/Zend/library/Zend/Controller/Dispatcher/Standard.php(275): Zend_Controller_Dispatcher_Standard->loadClass('ConfigurationsC...')
#1 /Users/danielpett/githubProjects/findsorguk/library/Zend/library/Zend/Controller/Front.php(954): Zend_Controller_Dispatcher_Standard->dispatch(Object(Zend_Controller_Request_Http), Object(Zend_Controller_Response_Http))
#2 /Users/danielpett/githubProjects/findsorguk/library/Zend/library/Zend/Application/Bootstrap/Bootstrap.php(101): Zend_Controller_Front->dispatch()
#3 /Users/danielpett/githubProjects/findsorguk/library/Zend/library/Zend/Application.php(366): Zend_Application_Bootstrap_Bootstrap->run()
#4 /Users/danielpett/githubprojects/findsorguk/public_html/index.php(106): Zend_Application->run()
#5 {main}
2015-02-21T09:55:25+00:00 NOTICE (5): Unable to find page exception 'Zend_Controller_Dispatcher_Exception' with message 'Invalid controller class ("Sitemap_ConfigurationsController")' in /Users/danielpett/githubProjects/findsorguk/library/Zend/library/Zend/Controller/Dispatcher/Standard.php:365
Stack trace:
#0 /Users/danielpett/githubProjects/findsorguk/library/Zend/library/Zend/Controller/Dispatcher/Standard.php(275): Zend_Controller_Dispatcher_Standard->loadClass('ConfigurationsC...')
#1 /Users/danielpett/githubProjects/findsorguk/library/Zend/library/Zend/Controller/Front.php(954): Zend_Controller_Dispatcher_Standard->dispatch(Object(Zend_Controller_Request_Http), Object(Zend_Controller_Response_Http))
#2 /Users/danielpett/githubProjects/findsorguk/library/Zend/library/Zend/Application/Bootstrap/Bootstrap.php(101): Zend_Controller_Front->dispatch()
#3 /Users/danielpett/githubProjects/findsorguk/library/Zend/library/Zend/Application.php(366): Zend_Application_Bootstrap_Bootstrap->run()
#4 /Users/danielpett/githubprojects/findsorguk/public_html/index.php(106): Zend_Application->run()
#5 {main}
2015-02-21T09:55:35+00:00 NOTICE (5): Unable to find page exception 'Zend_Controller_Dispatcher_Exception' with message 'Invalid controller specified (config)' in /Users/danielpett/githubProjects/findsorguk/library/Zend/library/Zend/Controller/Dispatcher/Standard.php:248
Stack trace:
#0 /Users/danielpett/githubProjects/findsorguk/library/Zend/library/Zend/Controller/Front.php(954): Zend_Controller_Dispatcher_Standard->dispatch(Object(Zend_Controller_Request_Http), Object(Zend_Controller_Response_Http))
#1 /Users/danielpett/githubProjects/findsorguk/library/Zend/library/Zend/Application/Bootstrap/Bootstrap.php(101): Zend_Controller_Front->dispatch()
#2 /Users/danielpett/githubProjects/findsorguk/library/Zend/library/Zend/Application.php(366): Zend_Application_Bootstrap_Bootstrap->run()
#3 /Users/danielpett/githubprojects/findsorguk/public_html/index.php(106): Zend_Application->run()
#4 {main}
2015-02-21T09:56:17+00:00 NOTICE (5): Unable to find page exception 'Zend_Controller_Dispatcher_Exception' with message 'Invalid controller specified (config)' in /Users/danielpett/githubProjects/findsorguk/library/Zend/library/Zend/Controller/Dispatcher/Standard.php:248
Stack trace:
#0 /Users/danielpett/githubProjects/findsorguk/library/Zend/library/Zend/Controller/Front.php(954): Zend_Controller_Dispatcher_Standard->dispatch(Object(Zend_Controller_Request_Http), Object(Zend_Controller_Response_Http))
#1 /Users/danielpett/githubProjects/findsorguk/library/Zend/library/Zend/Application/Bootstrap/Bootstrap.php(101): Zend_Controller_Front->dispatch()
#2 /Users/danielpett/githubProjects/findsorguk/library/Zend/library/Zend/Application.php(366): Zend_Application_Bootstrap_Bootstrap->run()
#3 /Users/danielpett/githubprojects/findsorguk/public_html/index.php(106): Zend_Application->run()
#4 {main}
2015-02-21T09:56:21+00:00 NOTICE (5): Unable to find page exception 'Zend_Controller_Dispatcher_Exception' with message 'Invalid controller class ("Sitemap_ConfigurationsController")' in /Users/danielpett/githubProjects/findsorguk/library/Zend/library/Zend/Controller/Dispatcher/Standard.php:365
Stack trace:
#0 /Users/danielpett/githubProjects/findsorguk/library/Zend/library/Zend/Controller/Dispatcher/Standard.php(275): Zend_Controller_Dispatcher_Standard->loadClass('ConfigurationsC...')
#1 /Users/danielpett/githubProjects/findsorguk/library/Zend/library/Zend/Controller/Front.php(954): Zend_Controller_Dispatcher_Standard->dispatch(Object(Zend_Controller_Request_Http), Object(Zend_Controller_Response_Http))
#2 /Users/danielpett/githubProjects/findsorguk/library/Zend/library/Zend/Application/Bootstrap/Bootstrap.php(101): Zend_Controller_Front->dispatch()
#3 /Users/danielpett/githubProjects/findsorguk/library/Zend/library/Zend/Application.php(366): Zend_Application_Bootstrap_Bootstrap->run()
#4 /Users/danielpett/githubprojects/findsorguk/public_html/index.php(106): Zend_Application->run()
#5 {main}
2015-02-21T09:56:21+00:00 NOTICE (5): Unable to find page exception 'Zend_Controller_Dispatcher_Exception' with message 'Invalid controller class ("Sitemap_ConfigurationsController")' in /Users/danielpett/githubProjects/findsorguk/library/Zend/library/Zend/Controller/Dispatcher/Standard.php:365
Stack trace:
#0 /Users/danielpett/githubProjects/findsorguk/library/Zend/library/Zend/Controller/Dispatcher/Standard.php(275): Zend_Controller_Dispatcher_Standard->loadClass('ConfigurationsC...')
#1 /Users/danielpett/githubProjects/findsorguk/library/Zend/library/Zend/Controller/Front.php(954): Zend_Controller_Dispatcher_Standard->dispatch(Object(Zend_Controller_Request_Http), Object(Zend_Controller_Response_Http))
#2 /Users/danielpett/githubProjects/findsorguk/library/Zend/library/Zend/Application/Bootstrap/Bootstrap.php(101): Zend_Controller_Front->dispatch()
#3 /Users/danielpett/githubProjects/findsorguk/library/Zend/library/Zend/Application.php(366): Zend_Application_Bootstrap_Bootstrap->run()
#4 /Users/danielpett/githubprojects/findsorguk/public_html/index.php(106): Zend_Application->run()
#5 {main}
2015-02-22T08:47:10+00:00 NOTICE (5): Unable to find page exception 'Zend_Controller_Action_Exception' with message 'Action "content" does not exist and was not trapped in __call()' in /Users/danielpett/githubProjects/findsorguk/library/Zend/library/Zend/Controller/Action.php:485
Stack trace:
#0 /Users/danielpett/githubProjects/findsorguk/library/Zend/library/Zend/Controller/Action.php(518): Zend_Controller_Action->__call('contentAction', Array)
#1 /Users/danielpett/githubProjects/findsorguk/library/Zend/library/Zend/Controller/Dispatcher/Standard.php(308): Zend_Controller_Action->dispatch('contentAction')
#2 /Users/danielpett/githubProjects/findsorguk/library/Zend/library/Zend/Controller/Front.php(954): Zend_Controller_Dispatcher_Standard->dispatch(Object(Zend_Controller_Request_Http), Object(Zend_Controller_Response_Http))
#3 /Users/danielpett/githubProjects/findsorguk/library/Zend/library/Zend/Application/Bootstrap/Bootstrap.php(101): Zend_Controller_Front->dispatch()
#4 /Users/danielpett/githubProjects/findsorguk/library/Zend/library/Zend/Application.php(366): Zend_Application_Bootstrap_Bootstrap->run()
#5 /Users/danielpett/githubprojects/findsorguk/public_html/index.php(106): Zend_Application->run()
#6 {main}
2015-02-22T08:47:13+00:00 NOTICE (5): Unable to find page exception 'Zend_Controller_Action_Exception' with message 'Action "content" does not exist and was not trapped in __call()' in /Users/danielpett/githubProjects/findsorguk/library/Zend/library/Zend/Controller/Action.php:485
Stack trace:
#0 /Users/danielpett/githubProjects/findsorguk/library/Zend/library/Zend/Controller/Action.php(518): Zend_Controller_Action->__call('contentAction', Array)
#1 /Users/danielpett/githubProjects/findsorguk/library/Zend/library/Zend/Controller/Dispatcher/Standard.php(308): Zend_Controller_Action->dispatch('contentAction')
#2 /Users/danielpett/githubProjects/findsorguk/library/Zend/library/Zend/Controller/Front.php(954): Zend_Controller_Dispatcher_Standard->dispatch(Object(Zend_Controller_Request_Http), Object(Zend_Controller_Response_Http))
#3 /Users/danielpett/githubProjects/findsorguk/library/Zend/library/Zend/Application/Bootstrap/Bootstrap.php(101): Zend_Controller_Front->dispatch()
#4 /Users/danielpett/githubProjects/findsorguk/library/Zend/library/Zend/Application.php(366): Zend_Application_Bootstrap_Bootstrap->run()
#5 /Users/danielpett/githubprojects/findsorguk/public_html/index.php(106): Zend_Application->run()
#6 {main}
2015-02-22T08:55:14+00:00 NOTICE (5): Unable to find page exception 'Zend_Controller_Dispatcher_Exception' with message 'Invalid controller class ("Sitemap_DatabaseController")' in /Users/danielpett/githubProjects/findsorguk/library/Zend/library/Zend/Controller/Dispatcher/Standard.php:365
Stack trace:
#0 /Users/danielpett/githubProjects/findsorguk/library/Zend/library/Zend/Controller/Dispatcher/Standard.php(275): Zend_Controller_Dispatcher_Standard->loadClass('DatabaseControl...')
#1 /Users/danielpett/githubProjects/findsorguk/library/Zend/library/Zend/Controller/Front.php(954): Zend_Controller_Dispatcher_Standard->dispatch(Object(Zend_Controller_Request_Http), Object(Zend_Controller_Response_Http))
#2 /Users/danielpett/githubProjects/findsorguk/library/Zend/library/Zend/Application/Bootstrap/Bootstrap.php(101): Zend_Controller_Front->dispatch()
#3 /Users/danielpett/githubProjects/findsorguk/library/Zend/library/Zend/Application.php(366): Zend_Application_Bootstrap_Bootstrap->run()
#4 /Users/danielpett/githubprojects/findsorguk/public_html/index.php(106): Zend_Application->run()
#5 {main}
2015-02-22T08:57:00+00:00 NOTICE (5): Unable to find page exception 'Zend_Controller_Dispatcher_Exception' with message 'Invalid controller class ("Sitemap_DatabaseController")' in /Users/danielpett/githubProjects/findsorguk/library/Zend/library/Zend/Controller/Dispatcher/Standard.php:365
Stack trace:
#0 /Users/danielpett/githubProjects/findsorguk/library/Zend/library/Zend/Controller/Dispatcher/Standard.php(275): Zend_Controller_Dispatcher_Standard->loadClass('DatabaseControl...')
#1 /Users/danielpett/githubProjects/findsorguk/library/Zend/library/Zend/Controller/Front.php(954): Zend_Controller_Dispatcher_Standard->dispatch(Object(Zend_Controller_Request_Http), Object(Zend_Controller_Response_Http))
#2 /Users/danielpett/githubProjects/findsorguk/library/Zend/library/Zend/Application/Bootstrap/Bootstrap.php(101): Zend_Controller_Front->dispatch()
#3 /Users/danielpett/githubProjects/findsorguk/library/Zend/library/Zend/Application.php(366): Zend_Application_Bootstrap_Bootstrap->run()
#4 /Users/danielpett/githubprojects/findsorguk/public_html/index.php(106): Zend_Application->run()
#5 {main}
2015-02-22T08:57:02+00:00 NOTICE (5): Unable to find page exception 'Zend_Controller_Dispatcher_Exception' with message 'Invalid controller class ("Sitemap_DatabaseController")' in /Users/danielpett/githubProjects/findsorguk/library/Zend/library/Zend/Controller/Dispatcher/Standard.php:365
Stack trace:
#0 /Users/danielpett/githubProjects/findsorguk/library/Zend/library/Zend/Controller/Dispatcher/Standard.php(275): Zend_Controller_Dispatcher_Standard->loadClass('DatabaseControl...')
#1 /Users/danielpett/githubProjects/findsorguk/library/Zend/library/Zend/Controller/Front.php(954): Zend_Controller_Dispatcher_Standard->dispatch(Object(Zend_Controller_Request_Http), Object(Zend_Controller_Response_Http))
#2 /Users/danielpett/githubProjects/findsorguk/library/Zend/library/Zend/Application/Bootstrap/Bootstrap.php(101): Zend_Controller_Front->dispatch()
#3 /Users/danielpett/githubProjects/findsorguk/library/Zend/library/Zend/Application.php(366): Zend_Application_Bootstrap_Bootstrap->run()
#4 /Users/danielpett/githubprojects/findsorguk/public_html/index.php(106): Zend_Application->run()
#5 {main}
2015-02-22T21:41:53+00:00 NOTICE (5): Unable to find page exception 'Zend_Controller_Action_Exception' with message 'Action "database" does not exist and was not trapped in __call()' in /Users/danielpett/githubProjects/findsorguk/library/Zend/library/Zend/Controller/Action.php:485
Stack trace:
#0 /Users/danielpett/githubProjects/findsorguk/library/Zend/library/Zend/Controller/Action.php(518): Zend_Controller_Action->__call('databaseAction', Array)
#1 /Users/danielpett/githubProjects/findsorguk/library/Zend/library/Zend/Controller/Dispatcher/Standard.php(308): Zend_Controller_Action->dispatch('databaseAction')
#2 /Users/danielpett/githubProjects/findsorguk/library/Zend/library/Zend/Controller/Front.php(954): Zend_Controller_Dispatcher_Standard->dispatch(Object(Zend_Controller_Request_Http), Object(Zend_Controller_Response_Http))
#3 /Users/danielpett/githubProjects/findsorguk/library/Zend/library/Zend/Application/Bootstrap/Bootstrap.php(101): Zend_Controller_Front->dispatch()
#4 /Users/danielpett/githubProjects/findsorguk/library/Zend/library/Zend/Application.php(366): Zend_Application_Bootstrap_Bootstrap->run()
#5 /Users/danielpett/githubprojects/findsorguk/public_html/index.php(106): Zend_Application->run()
#6 {main}
2015-02-22T21:42:00+00:00 NOTICE (5): Unable to find page exception 'Zend_Controller_Action_Exception' with message 'Action "database" does not exist and was not trapped in __call()' in /Users/danielpett/githubProjects/findsorguk/library/Zend/library/Zend/Controller/Action.php:485
Stack trace:
#0 /Users/danielpett/githubProjects/findsorguk/library/Zend/library/Zend/Controller/Action.php(518): Zend_Controller_Action->__call('databaseAction', Array)
#1 /Users/danielpett/githubProjects/findsorguk/library/Zend/library/Zend/Controller/Dispatcher/Standard.php(308): Zend_Controller_Action->dispatch('databaseAction')
#2 /Users/danielpett/githubProjects/findsorguk/library/Zend/library/Zend/Controller/Front.php(954): Zend_Controller_Dispatcher_Standard->dispatch(Object(Zend_Controller_Request_Http), Object(Zend_Controller_Response_Http))
#3 /Users/danielpett/githubProjects/findsorguk/library/Zend/library/Zend/Application/Bootstrap/Bootstrap.php(101): Zend_Controller_Front->dispatch()
#4 /Users/danielpett/githubProjects/findsorguk/library/Zend/library/Zend/Application.php(366): Zend_Application_Bootstrap_Bootstrap->run()
#5 /Users/danielpett/githubprojects/findsorguk/public_html/index.php(106): Zend_Application->run()
#6 {main}
2015-03-01T08:07:58+00:00 NOTICE (5): Unable to find page exception 'Zend_Controller_Action_Exception' with message 'Action "publications" does not exist and was not trapped in __call()' in /Users/danielpett/githubProjects/findsorguk/library/Zend/library/Zend/Controller/Action.php:485
Stack trace:
#0 /Users/danielpett/githubProjects/findsorguk/library/Zend/library/Zend/Controller/Action.php(518): Zend_Controller_Action->__call('publicationsAct...', Array)
#1 /Users/danielpett/githubProjects/findsorguk/library/Zend/library/Zend/Controller/Dispatcher/Standard.php(308): Zend_Controller_Action->dispatch('publicationsAct...')
#2 /Users/danielpett/githubProjects/findsorguk/library/Zend/library/Zend/Controller/Front.php(954): Zend_Controller_Dispatcher_Standard->dispatch(Object(Zend_Controller_Request_Http), Object(Zend_Controller_Response_Http))
#3 /Users/danielpett/githubProjects/findsorguk/library/Zend/library/Zend/Application/Bootstrap/Bootstrap.php(101): Zend_Controller_Front->dispatch()
#4 /Users/danielpett/githubProjects/findsorguk/library/Zend/library/Zend/Application.php(366): Zend_Application_Bootstrap_Bootstrap->run()
#5 /Users/danielpett/githubprojects/findsorguk/public_html/index.php(106): Zend_Application->run()
#6 {main}
2015-03-01T08:08:03+00:00 NOTICE (5): Unable to find page exception 'Zend_Controller_Action_Exception' with message 'Action "publications" does not exist and was not trapped in __call()' in /Users/danielpett/githubProjects/findsorguk/library/Zend/library/Zend/Controller/Action.php:485
Stack trace:
#0 /Users/danielpett/githubProjects/findsorguk/library/Zend/library/Zend/Controller/Action.php(518): Zend_Controller_Action->__call('publicationsAct...', Array)
#1 /Users/danielpett/githubProjects/findsorguk/library/Zend/library/Zend/Controller/Dispatcher/Standard.php(308): Zend_Controller_Action->dispatch('publicationsAct...')
#2 /Users/danielpett/githubProjects/findsorguk/library/Zend/library/Zend/Controller/Front.php(954): Zend_Controller_Dispatcher_Standard->dispatch(Object(Zend_Controller_Request_Http), Object(Zend_Controller_Response_Http))
#3 /Users/danielpett/githubProjects/findsorguk/library/Zend/library/Zend/Application/Bootstrap/Bootstrap.php(101): Zend_Controller_Front->dispatch()
#4 /Users/danielpett/githubProjects/findsorguk/library/Zend/library/Zend/Application.php(366): Zend_Application_Bootstrap_Bootstrap->run()
#5 /Users/danielpett/githubprojects/findsorguk/public_html/index.php(106): Zend_Application->run()
#6 {main}
2015-03-01T08:08:51+00:00 NOTICE (5): Unable to find page exception 'Zend_Controller_Action_Exception' with message 'Action "publications" does not exist and was not trapped in __call()' in /Users/danielpett/githubProjects/findsorguk/library/Zend/library/Zend/Controller/Action.php:485
Stack trace:
#0 /Users/danielpett/githubProjects/findsorguk/library/Zend/library/Zend/Controller/Action.php(518): Zend_Controller_Action->__call('publicationsAct...', Array)
#1 /Users/danielpett/githubProjects/findsorguk/library/Zend/library/Zend/Controller/Dispatcher/Standard.php(308): Zend_Controller_Action->dispatch('publicationsAct...')
#2 /Users/danielpett/githubProjects/findsorguk/library/Zend/library/Zend/Controller/Front.php(954): Zend_Controller_Dispatcher_Standard->dispatch(Object(Zend_Controller_Request_Http), Object(Zend_Controller_Response_Http))
#3 /Users/danielpett/githubProjects/findsorguk/library/Zend/library/Zend/Application/Bootstrap/Bootstrap.php(101): Zend_Controller_Front->dispatch()
#4 /Users/danielpett/githubProjects/findsorguk/library/Zend/library/Zend/Application.php(366): Zend_Application_Bootstrap_Bootstrap->run()
#5 /Users/danielpett/githubprojects/findsorguk/public_html/index.php(106): Zend_Application->run()
#6 {main}
2015-03-01T08:09:06+00:00 NOTICE (5): Unable to find page exception 'Zend_Controller_Action_Exception' with message 'Action "publications" does not exist and was not trapped in __call()' in /Users/danielpett/githubProjects/findsorguk/library/Zend/library/Zend/Controller/Action.php:485
Stack trace:
#0 /Users/danielpett/githubProjects/findsorguk/library/Zend/library/Zend/Controller/Action.php(518): Zend_Controller_Action->__call('publicationsAct...', Array)
#1 /Users/danielpett/githubProjects/findsorguk/library/Zend/library/Zend/Controller/Dispatcher/Standard.php(308): Zend_Controller_Action->dispatch('publicationsAct...')
#2 /Users/danielpett/githubProjects/findsorguk/library/Zend/library/Zend/Controller/Front.php(954): Zend_Controller_Dispatcher_Standard->dispatch(Object(Zend_Controller_Request_Http), Object(Zend_Controller_Response_Http))
#3 /Users/danielpett/githubProjects/findsorguk/library/Zend/library/Zend/Application/Bootstrap/Bootstrap.php(101): Zend_Controller_Front->dispatch()
#4 /Users/danielpett/githubProjects/findsorguk/library/Zend/library/Zend/Application.php(366): Zend_Application_Bootstrap_Bootstrap->run()
#5 /Users/danielpett/githubprojects/findsorguk/public_html/index.php(106): Zend_Application->run()
#6 {main}
2015-03-01T08:09:48+00:00 NOTICE (5): Unable to find page exception 'Zend_Controller_Action_Exception' with message 'Action "publications" does not exist and was not trapped in __call()' in /Users/danielpett/githubProjects/findsorguk/library/Zend/library/Zend/Controller/Action.php:485
Stack trace:
#0 /Users/danielpett/githubProjects/findsorguk/library/Zend/library/Zend/Controller/Action.php(518): Zend_Controller_Action->__call('publicationsAct...', Array)
#1 /Users/danielpett/githubProjects/findsorguk/library/Zend/library/Zend/Controller/Dispatcher/Standard.php(308): Zend_Controller_Action->dispatch('publicationsAct...')
#2 /Users/danielpett/githubProjects/findsorguk/library/Zend/library/Zend/Controller/Front.php(954): Zend_Controller_Dispatcher_Standard->dispatch(Object(Zend_Controller_Request_Http), Object(Zend_Controller_Response_Http))
#3 /Users/danielpett/githubProjects/findsorguk/library/Zend/library/Zend/Application/Bootstrap/Bootstrap.php(101): Zend_Controller_Front->dispatch()
#4 /Users/danielpett/githubProjects/findsorguk/library/Zend/library/Zend/Application.php(366): Zend_Application_Bootstrap_Bootstrap->run()
#5 /Users/danielpett/githubprojects/findsorguk/public_html/index.php(106): Zend_Application->run()
#6 {main}
2015-03-01T08:09:52+00:00 NOTICE (5): Unable to find page exception 'Zend_Controller_Action_Exception' with message 'Action "publications" does not exist and was not trapped in __call()' in /Users/danielpett/githubProjects/findsorguk/library/Zend/library/Zend/Controller/Action.php:485
Stack trace:
#0 /Users/danielpett/githubProjects/findsorguk/library/Zend/library/Zend/Controller/Action.php(518): Zend_Controller_Action->__call('publicationsAct...', Array)
#1 /Users/danielpett/githubProjects/findsorguk/library/Zend/library/Zend/Controller/Dispatcher/Standard.php(308): Zend_Controller_Action->dispatch('publicationsAct...')
#2 /Users/danielpett/githubProjects/findsorguk/library/Zend/library/Zend/Controller/Front.php(954): Zend_Controller_Dispatcher_Standard->dispatch(Object(Zend_Controller_Request_Http), Object(Zend_Controller_Response_Http))
#3 /Users/danielpett/githubProjects/findsorguk/library/Zend/library/Zend/Application/Bootstrap/Bootstrap.php(101): Zend_Controller_Front->dispatch()
#4 /Users/danielpett/githubProjects/findsorguk/library/Zend/library/Zend/Application.php(366): Zend_Application_Bootstrap_Bootstrap->run()
#5 /Users/danielpett/githubprojects/findsorguk/public_html/index.php(106): Zend_Application->run()
#6 {main}
2015-03-01T08:40:48+00:00 NOTICE (5): Unable to find page exception 'Zend_Controller_Action_Exception' with message 'Action "locations" does not exist and was not trapped in __call()' in /Users/danielpett/githubProjects/findsorguk/library/Zend/library/Zend/Controller/Action.php:485
Stack trace:
#0 /Users/danielpett/githubProjects/findsorguk/library/Zend/library/Zend/Controller/Action.php(518): Zend_Controller_Action->__call('locationsAction', Array)
#1 /Users/danielpett/githubProjects/findsorguk/library/Zend/library/Zend/Controller/Dispatcher/Standard.php(308): Zend_Controller_Action->dispatch('locationsAction')
#2 /Users/danielpett/githubProjects/findsorguk/library/Zend/library/Zend/Controller/Front.php(954): Zend_Controller_Dispatcher_Standard->dispatch(Object(Zend_Controller_Request_Http), Object(Zend_Controller_Response_Http))
#3 /Users/danielpett/githubProjects/findsorguk/library/Zend/library/Zend/Application/Bootstrap/Bootstrap.php(101): Zend_Controller_Front->dispatch()
#4 /Users/danielpett/githubProjects/findsorguk/library/Zend/library/Zend/Application.php(366): Zend_Application_Bootstrap_Bootstrap->run()
#5 /Users/danielpett/githubprojects/findsorguk/public_html/index.php(106): Zend_Application->run()
#6 {main}
2015-03-01T08:40:51+00:00 NOTICE (5): Unable to find page exception 'Zend_Controller_Action_Exception' with message 'Action "locations" does not exist and was not trapped in __call()' in /Users/danielpett/githubProjects/findsorguk/library/Zend/library/Zend/Controller/Action.php:485
Stack trace:
#0 /Users/danielpett/githubProjects/findsorguk/library/Zend/library/Zend/Controller/Action.php(518): Zend_Controller_Action->__call('locationsAction', Array)
#1 /Users/danielpett/githubProjects/findsorguk/library/Zend/library/Zend/Controller/Dispatcher/Standard.php(308): Zend_Controller_Action->dispatch('locationsAction')
#2 /Users/danielpett/githubProjects/findsorguk/library/Zend/library/Zend/Controller/Front.php(954): Zend_Controller_Dispatcher_Standard->dispatch(Object(Zend_Controller_Request_Http), Object(Zend_Controller_Response_Http))
#3 /Users/danielpett/githubProjects/findsorguk/library/Zend/library/Zend/Application/Bootstrap/Bootstrap.php(101): Zend_Controller_Front->dispatch()
#4 /Users/danielpett/githubProjects/findsorguk/library/Zend/library/Zend/Application.php(366): Zend_Application_Bootstrap_Bootstrap->run()
#5 /Users/danielpett/githubprojects/findsorguk/public_html/index.php(106): Zend_Application->run()
#6 {main}
2015-03-01T08:42:17+00:00 NOTICE (5): Unable to find page exception 'Zend_Controller_Action_Exception' with message 'Action "records" does not exist and was not trapped in __call()' in /Users/danielpett/githubProjects/findsorguk/library/Zend/library/Zend/Controller/Action.php:485
Stack trace:
#0 /Users/danielpett/githubProjects/findsorguk/library/Zend/library/Zend/Controller/Action.php(518): Zend_Controller_Action->__call('recordsAction', Array)
#1 /Users/danielpett/githubProjects/findsorguk/library/Zend/library/Zend/Controller/Dispatcher/Standard.php(308): Zend_Controller_Action->dispatch('recordsAction')
#2 /Users/danielpett/githubProjects/findsorguk/library/Zend/library/Zend/Controller/Front.php(954): Zend_Controller_Dispatcher_Standard->dispatch(Object(Zend_Controller_Request_Http), Object(Zend_Controller_Response_Http))
#3 /Users/danielpett/githubProjects/findsorguk/library/Zend/library/Zend/Application/Bootstrap/Bootstrap.php(101): Zend_Controller_Front->dispatch()
#4 /Users/danielpett/githubProjects/findsorguk/library/Zend/library/Zend/Application.php(366): Zend_Application_Bootstrap_Bootstrap->run()
#5 /Users/danielpett/githubprojects/findsorguk/public_html/index.php(106): Zend_Application->run()
#6 {main}
